e:\spg\opengl_4_application_vs2015\opengl_4_application_vs2015\release\opengl_4_application_vs2015.pch
e:\spg\opengl_4_application_vs2015\opengl_4_application_vs2015\release\vc141.pdb
e:\spg\opengl_4_application_vs2015\opengl_4_application_vs2015\release\stdafx.obj
e:\spg\opengl_4_application_vs2015\opengl_4_application_vs2015\release\skybox.obj
e:\spg\opengl_4_application_vs2015\opengl_4_application_vs2015\release\shader.obj
e:\spg\opengl_4_application_vs2015\opengl_4_application_vs2015\release\opengl_4_application_vs2015.obj
e:\spg\opengl_4_application_vs2015\opengl_4_application_vs2015\release\model3d.obj
e:\spg\opengl_4_application_vs2015\opengl_4_application_vs2015\release\mesh.obj
e:\spg\opengl_4_application_vs2015\opengl_4_application_vs2015\release\camera.obj
e:\spg\opengl_4_application_vs2015\opengl_4_application_vs2015\release\stb_image.obj
f:\spg\opengl_4_application_vs2015\opengl_4_application_vs2015\release\opengl_4_application_vs2015.pch
f:\spg\opengl_4_application_vs2015\opengl_4_application_vs2015\release\vc141.pdb
f:\spg\opengl_4_application_vs2015\opengl_4_application_vs2015\release\stdafx.obj
f:\spg\opengl_4_application_vs2015\opengl_4_application_vs2015\release\skybox.obj
f:\spg\opengl_4_application_vs2015\opengl_4_application_vs2015\release\shader.obj
f:\spg\opengl_4_application_vs2015\opengl_4_application_vs2015\release\opengl_4_application_vs2015.obj
f:\spg\opengl_4_application_vs2015\opengl_4_application_vs2015\release\model3d.obj
f:\spg\opengl_4_application_vs2015\opengl_4_application_vs2015\release\mesh.obj
f:\spg\opengl_4_application_vs2015\opengl_4_application_vs2015\release\camera.obj
f:\spg\opengl_4_application_vs2015\opengl_4_application_vs2015\release\stb_image.obj
e:\spg\opengl_4_application_vs2015\release\opengl_4_application_vs2015.exe
e:\spg\opengl_4_application_vs2015\release\opengl_4_application_vs2015.pdb
f:\spg\opengl_4_application_vs2015\release\opengl_4_application_vs2015.ipdb
f:\spg\opengl_4_application_vs2015\release\opengl_4_application_vs2015.iobj
e:\spg\opengl_4_application_vs2015\release\opengl_4_application_vs2015.ipdb
e:\spg\opengl_4_application_vs2015\release\opengl_4_application_vs2015.iobj
f:\spg\opengl_4_application_vs2015\release\opengl_4_application_vs2015.pdb
f:\spg\opengl_4_application_vs2015\opengl_4_application_vs2015\release\opengl_4.59a67b95.tlog\cl.command.1.tlog
f:\spg\opengl_4_application_vs2015\opengl_4_application_vs2015\release\opengl_4.59a67b95.tlog\cl.read.1.tlog
f:\spg\opengl_4_application_vs2015\opengl_4_application_vs2015\release\opengl_4.59a67b95.tlog\cl.write.1.tlog
f:\spg\opengl_4_application_vs2015\opengl_4_application_vs2015\release\opengl_4.59a67b95.tlog\link.command.1.tlog
f:\spg\opengl_4_application_vs2015\opengl_4_application_vs2015\release\opengl_4.59a67b95.tlog\link.read.1.tlog
f:\spg\opengl_4_application_vs2015\opengl_4_application_vs2015\release\opengl_4.59a67b95.tlog\link.write.1.tlog
f:\spg\opengl_4_application_vs2015\opengl_4_application_vs2015\release\opengl_4.59a67b95.tlog\opengl_4_application_vs2015.write.1u.tlog
