  stdafx.cpp
  Camera.cpp
f:\laptop\facultate\an 3 semestrul 1\spga\proiect\opengl_4_application_vs2015\opengl_4_application_vs2015\camera.cpp(95): warning C4305: 'initializing': truncation from 'double' to 'float'
  Mesh.cpp
  Model3D.cpp
f:\laptop\facultate\an 3 semestrul 1\spga\proiect\opengl_4_application_vs2015\opengl_4_application_vs2015\model3d.cpp(32): warning C4018: '<': signed/unsigned mismatch
f:\laptop\facultate\an 3 semestrul 1\spga\proiect\opengl_4_application_vs2015\opengl_4_application_vs2015\model3d.cpp(73): warning C4018: '<': signed/unsigned mismatch
f:\laptop\facultate\an 3 semestrul 1\spga\proiect\opengl_4_application_vs2015\opengl_4_application_vs2015\model3d.cpp(154): warning C4018: '<': signed/unsigned mismatch
  OpenGL_4_Application_VS2015.cpp
f:\laptop\facultate\an 3 semestrul 1\spga\proiect\opengl_4_application_vs2015\opengl_4_application_vs2015\opengl_4_application_vs2015.cpp(77): warning C4305: 'initializing': truncation from 'double' to 'float'
f:\laptop\facultate\an 3 semestrul 1\spga\proiect\opengl_4_application_vs2015\opengl_4_application_vs2015\opengl_4_application_vs2015.cpp(78): warning C4305: 'initializing': truncation from 'double' to 'float'
f:\laptop\facultate\an 3 semestrul 1\spga\proiect\opengl_4_application_vs2015\opengl_4_application_vs2015\opengl_4_application_vs2015.cpp(217): warning C4244: 'argument': conversion from 'double' to 'float', possible loss of data
f:\laptop\facultate\an 3 semestrul 1\spga\proiect\opengl_4_application_vs2015\opengl_4_application_vs2015\opengl_4_application_vs2015.cpp(283): warning C4244: 'argument': conversion from 'GLfloat' to 'GLint', possible loss of data
f:\laptop\facultate\an 3 semestrul 1\spga\proiect\opengl_4_application_vs2015\opengl_4_application_vs2015\opengl_4_application_vs2015.cpp(288): warning C4244: 'argument': conversion from 'GLfloat' to 'GLint', possible loss of data
f:\laptop\facultate\an 3 semestrul 1\spga\proiect\opengl_4_application_vs2015\opengl_4_application_vs2015\opengl_4_application_vs2015.cpp(297): warning C4305: '-=': truncation from 'double' to 'float'
f:\laptop\facultate\an 3 semestrul 1\spga\proiect\opengl_4_application_vs2015\opengl_4_application_vs2015\opengl_4_application_vs2015.cpp(551): warning C4244: '=': conversion from 'GLint' to 'GLfloat', possible loss of data
f:\laptop\facultate\an 3 semestrul 1\spga\proiect\opengl_4_application_vs2015\opengl_4_application_vs2015\opengl_4_application_vs2015.cpp(552): warning C4244: 'argument': conversion from 'GLfloat' to 'GLint', possible loss of data
f:\laptop\facultate\an 3 semestrul 1\spga\proiect\opengl_4_application_vs2015\opengl_4_application_vs2015\opengl_4_application_vs2015.cpp(554): warning C4244: '=': conversion from 'GLint' to 'GLfloat', possible loss of data
f:\laptop\facultate\an 3 semestrul 1\spga\proiect\opengl_4_application_vs2015\opengl_4_application_vs2015\opengl_4_application_vs2015.cpp(555): warning C4244: 'argument': conversion from 'GLfloat' to 'GLint', possible loss of data
f:\laptop\facultate\an 3 semestrul 1\spga\proiect\opengl_4_application_vs2015\opengl_4_application_vs2015\opengl_4_application_vs2015.cpp(615): warning C4305: '-=': truncation from 'double' to 'float'
f:\laptop\facultate\an 3 semestrul 1\spga\proiect\opengl_4_application_vs2015\opengl_4_application_vs2015\opengl_4_application_vs2015.cpp(782): warning C4305: '-=': truncation from 'double' to 'float'
  Shader.cpp
  SkyBox.cpp
  stb_image.c
LINK : warning LNK4098: defaultlib 'LIBCMT' conflicts with use of other libs; use /NODEFAULTLIB:library
  Generating code
  2200 of 2224 functions (98.9%) were compiled, the rest were copied from previous compilation.
    97 functions were new in current compilation
    0 functions had inline decision re-evaluated but remain unchanged
  Finished generating code
Mesh.obj : warning LNK4049: locally defined symbol ___glewGenBuffers imported
Mesh.obj : warning LNK4049: locally defined symbol ___glewGenVertexArrays imported
Mesh.obj : warning LNK4049: locally defined symbol ___glewActiveTexture imported
Mesh.obj : warning LNK4049: locally defined symbol ___glewBufferData imported
Mesh.obj : warning LNK4049: locally defined symbol ___glewGetUniformLocation imported
Mesh.obj : warning LNK4049: locally defined symbol ___glewUniform1i imported
Mesh.obj : warning LNK4049: locally defined symbol ___glewBindBuffer imported
Mesh.obj : warning LNK4049: locally defined symbol ___glewVertexAttribPointer imported
Mesh.obj : warning LNK4049: locally defined symbol ___glewBindVertexArray imported
Mesh.obj : warning LNK4049: locally defined symbol ___glewEnableVertexAttribArray imported
Model3D.obj : warning LNK4049: locally defined symbol ___glewGenerateMipmap imported
Shader.obj : warning LNK4049: locally defined symbol ___glewLinkProgram imported
Shader.obj : warning LNK4049: locally defined symbol ___glewDeleteShader imported
Shader.obj : warning LNK4049: locally defined symbol ___glewGetProgramInfoLog imported
Shader.obj : warning LNK4049: locally defined symbol ___glewShaderSource imported
Shader.obj : warning LNK4049: locally defined symbol ___glewAttachShader imported
Shader.obj : warning LNK4049: locally defined symbol ___glewGetProgramiv imported
Shader.obj : warning LNK4049: locally defined symbol ___glewGetShaderInfoLog imported
Shader.obj : warning LNK4049: locally defined symbol ___glewCreateProgram imported
Shader.obj : warning LNK4049: locally defined symbol ___glewCreateShader imported
Shader.obj : warning LNK4049: locally defined symbol ___glewCompileShader imported
Shader.obj : warning LNK4049: locally defined symbol ___glewGetShaderiv imported
Shader.obj : warning LNK4049: locally defined symbol ___glewUseProgram imported
SkyBox.obj : warning LNK4049: locally defined symbol ___glewUniformMatrix4fv imported
glew32s.lib(glew.obj) : warning LNK4099: PDB 'vc120.pdb' was not found with 'glew32s.lib(glew.obj)' or at 'F:\Laptop\Facultate\An 3 Semestrul 1\SPGA\Proiect\OpenGL_4_Application_VS2015\Release\vc120.pdb'; linking object as if no debug info
  OpenGL_4_Application_VS2015.vcxproj -> F:\Laptop\Facultate\An 3 Semestrul 1\SPGA\Proiect\OpenGL_4_Application_VS2015\Release\OpenGL_4_Application_VS2015.exe
